<?xml version="1.0" encoding="UTF-8"?>
<!-- Generated by org.testng.reporters.JUnitReportReporter -->
<testsuite hostname="LAPTOP-CBGGHTUC" failures="0" tests="2" name="com.naukri.testclasses.TC_ProfilePageTest" time="22.047" errors="0" timestamp="2025-05-17T15:45:17 IST" skipped="0">
  <testcase classname="com.naukri.testclasses.TC_ProfilePageTest" name="updateCareerProfile" time="12.632"/>
  <system-out/>
  <testcase classname="com.naukri.testclasses.TC_ProfilePageTest" name="updateResume" time="9.415"/>
  <system-out/>
</testsuite> <!-- com.naukri.testclasses.TC_ProfilePageTest -->
