<?xml version="1.0" encoding="UTF-8"?>
<!-- Generated by org.testng.reporters.JUnitReportReporter -->
<testsuite hostname="LAPTOP-CBGGHTUC" failures="0" tests="2" name="com.naukri.testclasses.TC_ProfilePageTest" time="22.886" errors="0" timestamp="2025-05-10T20:45:55 IST" skipped="0">
  <testcase classname="com.naukri.testclasses.TC_ProfilePageTest" name="updateCareerProfile" time="12.613"/>
  <system-out/>
  <testcase classname="com.naukri.testclasses.TC_ProfilePageTest" name="updateResume" time="10.273"/>
  <system-out/>
</testsuite> <!-- com.naukri.testclasses.TC_ProfilePageTest -->
