<?xml version="1.0" encoding="UTF-8"?>
<!-- Generated by org.testng.reporters.JUnitReportReporter -->
<testsuite hostname="LAPTOP-CBGGHTUC" failures="0" tests="2" name="com.naukri.testclasses.TC_ProfilePageTest" time="25.289" errors="0" timestamp="2025-05-26T19:33:55 IST" skipped="0">
  <testcase classname="com.naukri.testclasses.TC_ProfilePageTest" name="updateCareerProfile" time="13.447"/>
  <system-out/>
  <testcase classname="com.naukri.testclasses.TC_ProfilePageTest" name="updateResume" time="11.842"/>
  <system-out/>
</testsuite> <!-- com.naukri.testclasses.TC_ProfilePageTest -->
